{"/mnt/c/Users/User/Documents/GitHub/frontend-project-46/src/compareData.js": {"path":"/mnt/c/Users/User/Documents/GitHub/frontend-project-46/src/compareData.js","statementMap":{"0":{"start":{"line":3,"column":20},"end":{"line":45,"column":1}},"1":{"start":{"line":4,"column":16},"end":{"line":4,"column":28}},"2":{"start":{"line":5,"column":16},"end":{"line":5,"column":28}},"3":{"start":{"line":6,"column":21},"end":{"line":6,"column":52}},"4":{"start":{"line":8,"column":17},"end":{"line":43,"column":4}},"5":{"start":{"line":9,"column":4},"end":{"line":15,"column":5}},"6":{"start":{"line":10,"column":6},"end":{"line":14,"column":8}},"7":{"start":{"line":16,"column":4},"end":{"line":22,"column":5}},"8":{"start":{"line":17,"column":6},"end":{"line":21,"column":8}},"9":{"start":{"line":23,"column":4},"end":{"line":29,"column":5}},"10":{"start":{"line":24,"column":6},"end":{"line":28,"column":8}},"11":{"start":{"line":30,"column":4},"end":{"line":37,"column":5}},"12":{"start":{"line":31,"column":6},"end":{"line":36,"column":8}},"13":{"start":{"line":38,"column":4},"end":{"line":42,"column":6}},"14":{"start":{"line":44,"column":2},"end":{"line":44,"column":16}}},"fnMap":{"0":{"name":"(anonymous_0)","decl":{"start":{"line":3,"column":20},"end":{"line":3,"column":21}},"loc":{"start":{"line":3,"column":36},"end":{"line":45,"column":1}},"line":3},"1":{"name":"(anonymous_1)","decl":{"start":{"line":8,"column":32},"end":{"line":8,"column":33}},"loc":{"start":{"line":8,"column":41},"end":{"line":43,"column":3}},"line":8}},"branchMap":{"0":{"loc":{"start":{"line":9,"column":4},"end":{"line":15,"column":5}},"type":"if","locations":[{"start":{"line":9,"column":4},"end":{"line":15,"column":5}},{"start":{},"end":{}}],"line":9},"1":{"loc":{"start":{"line":16,"column":4},"end":{"line":22,"column":5}},"type":"if","locations":[{"start":{"line":16,"column":4},"end":{"line":22,"column":5}},{"start":{},"end":{}}],"line":16},"2":{"loc":{"start":{"line":23,"column":4},"end":{"line":29,"column":5}},"type":"if","locations":[{"start":{"line":23,"column":4},"end":{"line":29,"column":5}},{"start":{},"end":{}}],"line":23},"3":{"loc":{"start":{"line":23,"column":8},"end":{"line":23,"column":54}},"type":"binary-expr","locations":[{"start":{"line":23,"column":8},"end":{"line":23,"column":29}},{"start":{"line":23,"column":33},"end":{"line":23,"column":54}}],"line":23},"4":{"loc":{"start":{"line":30,"column":4},"end":{"line":37,"column":5}},"type":"if","locations":[{"start":{"line":30,"column":4},"end":{"line":37,"column":5}},{"start":{},"end":{}}],"line":30}},"s":{"0":1,"1":0,"2":0,"3":0,"4":0,"5":0,"6":0,"7":0,"8":0,"9":0,"10":0,"11":0,"12":0,"13":0,"14":0},"f":{"0":0,"1":0},"b":{"0":[0,0],"1":[0,0],"2":[0,0],"3":[0,0],"4":[0,0]},"_coverageSchema":"1a1c01bbd47fc00a2c39e90264f33305004495a9","hash":"14e0bb3da3fa5e1b77e733639fbcf51e9cd0125a"}
,"/mnt/c/Users/User/Documents/GitHub/frontend-project-46/src/index.js": {"path":"/mnt/c/Users/User/Documents/GitHub/frontend-project-46/src/index.js","statementMap":{"0":{"start":{"line":7,"column":23},"end":{"line":7,"column":74}},"1":{"start":{"line":7,"column":37},"end":{"line":7,"column":74}},"2":{"start":{"line":8,"column":17},"end":{"line":8,"column":81}},"3":{"start":{"line":8,"column":31},"end":{"line":8,"column":81}},"4":{"start":{"line":9,"column":18},"end":{"line":9,"column":54}},"5":{"start":{"line":9,"column":32},"end":{"line":9,"column":54}},"6":{"start":{"line":11,"column":16},"end":{"line":19,"column":1}},"7":{"start":{"line":12,"column":19},"end":{"line":12,"column":34}},"8":{"start":{"line":13,"column":19},"end":{"line":13,"column":34}},"9":{"start":{"line":14,"column":16},"end":{"line":14,"column":49}},"10":{"start":{"line":15,"column":16},"end":{"line":15,"column":49}},"11":{"start":{"line":16,"column":15},"end":{"line":16,"column":40}},"12":{"start":{"line":18,"column":2},"end":{"line":18,"column":34}}},"fnMap":{"0":{"name":"(anonymous_0)","decl":{"start":{"line":7,"column":23},"end":{"line":7,"column":24}},"loc":{"start":{"line":7,"column":37},"end":{"line":7,"column":74}},"line":7},"1":{"name":"(anonymous_1)","decl":{"start":{"line":8,"column":17},"end":{"line":8,"column":18}},"loc":{"start":{"line":8,"column":31},"end":{"line":8,"column":81}},"line":8},"2":{"name":"(anonymous_2)","decl":{"start":{"line":9,"column":18},"end":{"line":9,"column":19}},"loc":{"start":{"line":9,"column":32},"end":{"line":9,"column":54}},"line":9},"3":{"name":"(anonymous_3)","decl":{"start":{"line":11,"column":16},"end":{"line":11,"column":17}},"loc":{"start":{"line":11,"column":58},"end":{"line":19,"column":1}},"line":11}},"branchMap":{"0":{"loc":{"start":{"line":11,"column":31},"end":{"line":11,"column":53}},"type":"default-arg","locations":[{"start":{"line":11,"column":44},"end":{"line":11,"column":53}}],"line":11}},"s":{"0":1,"1":2,"2":1,"3":2,"4":1,"5":1,"6":1,"7":1,"8":1,"9":1,"10":0,"11":0,"12":0},"f":{"0":2,"1":2,"2":1,"3":1},"b":{"0":[1]},"_coverageSchema":"1a1c01bbd47fc00a2c39e90264f33305004495a9","hash":"36794fccce128a2c4fc6f9c06d4a5fdf5a7ad1da"}
,"/mnt/c/Users/User/Documents/GitHub/frontend-project-46/src/parsers.js": {"path":"/mnt/c/Users/User/Documents/GitHub/frontend-project-46/src/parsers.js","statementMap":{"0":{"start":{"line":3,"column":14},"end":{"line":13,"column":1}},"1":{"start":{"line":4,"column":2},"end":{"line":12,"column":3}},"2":{"start":{"line":6,"column":6},"end":{"line":6,"column":30}},"3":{"start":{"line":9,"column":6},"end":{"line":9,"column":29}},"4":{"start":{"line":11,"column":6},"end":{"line":11,"column":52}}},"fnMap":{"0":{"name":"(anonymous_0)","decl":{"start":{"line":3,"column":14},"end":{"line":3,"column":15}},"loc":{"start":{"line":3,"column":32},"end":{"line":13,"column":1}},"line":3}},"branchMap":{"0":{"loc":{"start":{"line":4,"column":2},"end":{"line":12,"column":3}},"type":"switch","locations":[{"start":{"line":5,"column":4},"end":{"line":6,"column":30}},{"start":{"line":7,"column":4},"end":{"line":7,"column":15}},{"start":{"line":8,"column":4},"end":{"line":9,"column":29}},{"start":{"line":10,"column":4},"end":{"line":11,"column":52}}],"line":4}},"s":{"0":1,"1":1,"2":0,"3":0,"4":1},"f":{"0":1},"b":{"0":[0,0,0,1]},"_coverageSchema":"1a1c01bbd47fc00a2c39e90264f33305004495a9","hash":"fb7c15c0be4956d4c82fbe039c415b69d7388283"}
,"/mnt/c/Users/User/Documents/GitHub/frontend-project-46/src/formatters/index.js": {"path":"/mnt/c/Users/User/Documents/GitHub/frontend-project-46/src/formatters/index.js","statementMap":{"0":{"start":{"line":4,"column":15},"end":{"line":18,"column":1}},"1":{"start":{"line":5,"column":2},"end":{"line":17,"column":3}},"2":{"start":{"line":7,"column":6},"end":{"line":7,"column":27}},"3":{"start":{"line":10,"column":6},"end":{"line":10,"column":25}},"4":{"start":{"line":13,"column":6},"end":{"line":13,"column":34}},"5":{"start":{"line":16,"column":6},"end":{"line":16,"column":40}}},"fnMap":{"0":{"name":"(anonymous_0)","decl":{"start":{"line":4,"column":15},"end":{"line":4,"column":16}},"loc":{"start":{"line":4,"column":37},"end":{"line":18,"column":1}},"line":4}},"branchMap":{"0":{"loc":{"start":{"line":5,"column":2},"end":{"line":17,"column":3}},"type":"switch","locations":[{"start":{"line":6,"column":4},"end":{"line":8,"column":5}},{"start":{"line":9,"column":4},"end":{"line":11,"column":5}},{"start":{"line":12,"column":4},"end":{"line":14,"column":5}},{"start":{"line":15,"column":4},"end":{"line":16,"column":40}}],"line":5}},"s":{"0":1,"1":0,"2":0,"3":0,"4":0,"5":0},"f":{"0":0},"b":{"0":[0,0,0,0]},"_coverageSchema":"1a1c01bbd47fc00a2c39e90264f33305004495a9","hash":"a4b3e2d5f88f7548b5b6d0ea97640049d0188696"}
,"/mnt/c/Users/User/Documents/GitHub/frontend-project-46/src/formatters/plain.js": {"path":"/mnt/c/Users/User/Documents/GitHub/frontend-project-46/src/formatters/plain.js","statementMap":{"0":{"start":{"line":3,"column":18},"end":{"line":8,"column":1}},"1":{"start":{"line":4,"column":2},"end":{"line":6,"column":3}},"2":{"start":{"line":5,"column":4},"end":{"line":5,"column":29}},"3":{"start":{"line":7,"column":2},"end":{"line":7,"column":58}},"4":{"start":{"line":10,"column":23},"end":{"line":26,"column":1}},"5":{"start":{"line":11,"column":2},"end":{"line":25,"column":3}},"6":{"start":{"line":13,"column":6},"end":{"line":13,"column":96}},"7":{"start":{"line":15,"column":6},"end":{"line":15,"column":60}},"8":{"start":{"line":17,"column":6},"end":{"line":17,"column":18}},"9":{"start":{"line":19,"column":6},"end":{"line":19,"column":132}},"10":{"start":{"line":21,"column":6},"end":{"line":22,"column":52}},"11":{"start":{"line":21,"column":41},"end":{"line":21,"column":86}},"12":{"start":{"line":22,"column":26},"end":{"line":22,"column":39}},"13":{"start":{"line":24,"column":6},"end":{"line":24,"column":53}},"14":{"start":{"line":28,"column":26},"end":{"line":28,"column":121}},"15":{"start":{"line":28,"column":52},"end":{"line":28,"column":75}},"16":{"start":{"line":28,"column":94},"end":{"line":28,"column":107}}},"fnMap":{"0":{"name":"(anonymous_0)","decl":{"start":{"line":3,"column":18},"end":{"line":3,"column":19}},"loc":{"start":{"line":3,"column":29},"end":{"line":8,"column":1}},"line":3},"1":{"name":"(anonymous_1)","decl":{"start":{"line":10,"column":23},"end":{"line":10,"column":24}},"loc":{"start":{"line":10,"column":47},"end":{"line":26,"column":1}},"line":10},"2":{"name":"(anonymous_2)","decl":{"start":{"line":21,"column":32},"end":{"line":21,"column":33}},"loc":{"start":{"line":21,"column":41},"end":{"line":21,"column":86}},"line":21},"3":{"name":"(anonymous_3)","decl":{"start":{"line":22,"column":16},"end":{"line":22,"column":17}},"loc":{"start":{"line":22,"column":26},"end":{"line":22,"column":39}},"line":22},"4":{"name":"(anonymous_4)","decl":{"start":{"line":28,"column":15},"end":{"line":28,"column":16}},"loc":{"start":{"line":28,"column":26},"end":{"line":28,"column":121}},"line":28},"5":{"name":"(anonymous_5)","decl":{"start":{"line":28,"column":39},"end":{"line":28,"column":40}},"loc":{"start":{"line":28,"column":52},"end":{"line":28,"column":75}},"line":28},"6":{"name":"(anonymous_6)","decl":{"start":{"line":28,"column":84},"end":{"line":28,"column":85}},"loc":{"start":{"line":28,"column":94},"end":{"line":28,"column":107}},"line":28}},"branchMap":{"0":{"loc":{"start":{"line":4,"column":2},"end":{"line":6,"column":3}},"type":"if","locations":[{"start":{"line":4,"column":2},"end":{"line":6,"column":3}},{"start":{},"end":{}}],"line":4},"1":{"loc":{"start":{"line":7,"column":9},"end":{"line":7,"column":57}},"type":"cond-expr","locations":[{"start":{"line":7,"column":37},"end":{"line":7,"column":49}},{"start":{"line":7,"column":52},"end":{"line":7,"column":57}}],"line":7},"2":{"loc":{"start":{"line":10,"column":31},"end":{"line":10,"column":42}},"type":"default-arg","locations":[{"start":{"line":10,"column":40},"end":{"line":10,"column":42}}],"line":10},"3":{"loc":{"start":{"line":11,"column":2},"end":{"line":25,"column":3}},"type":"switch","locations":[{"start":{"line":12,"column":4},"end":{"line":13,"column":96}},{"start":{"line":14,"column":4},"end":{"line":15,"column":60}},{"start":{"line":16,"column":4},"end":{"line":17,"column":18}},{"start":{"line":18,"column":4},"end":{"line":19,"column":132}},{"start":{"line":20,"column":4},"end":{"line":22,"column":52}},{"start":{"line":23,"column":4},"end":{"line":24,"column":53}}],"line":11}},"s":{"0":1,"1":0,"2":0,"3":0,"4":1,"5":0,"6":0,"7":0,"8":0,"9":0,"10":0,"11":0,"12":0,"13":0,"14":0,"15":0,"16":0},"f":{"0":0,"1":0,"2":0,"3":0,"4":0,"5":0,"6":0},"b":{"0":[0,0],"1":[0,0],"2":[0],"3":[0,0,0,0,0,0]},"_coverageSchema":"1a1c01bbd47fc00a2c39e90264f33305004495a9","hash":"020082fc12bd8482a832f97966d3d53e45656579"}
,"/mnt/c/Users/User/Documents/GitHub/frontend-project-46/src/formatters/stylish.js": {"path":"/mnt/c/Users/User/Documents/GitHub/frontend-project-46/src/formatters/stylish.js","statementMap":{"0":{"start":{"line":3,"column":16},"end":{"line":8,"column":1}},"1":{"start":{"line":10,"column":19},"end":{"line":13,"column":1}},"2":{"start":{"line":11,"column":14},"end":{"line":11,"column":17}},"3":{"start":{"line":12,"column":2},"end":{"line":12,"column":35}},"4":{"start":{"line":15,"column":18},"end":{"line":27,"column":1}},"5":{"start":{"line":16,"column":2},"end":{"line":18,"column":3}},"6":{"start":{"line":17,"column":4},"end":{"line":17,"column":17}},"7":{"start":{"line":19,"column":15},"end":{"line":19,"column":33}},"8":{"start":{"line":20,"column":18},"end":{"line":25,"column":3}},"9":{"start":{"line":21,"column":13},"end":{"line":24,"column":7}},"10":{"start":{"line":26,"column":2},"end":{"line":26,"column":61}},"11":{"start":{"line":29,"column":25},"end":{"line":50,"column":1}},"12":{"start":{"line":30,"column":2},"end":{"line":49,"column":3}},"13":{"start":{"line":34,"column":6},"end":{"line":36,"column":43}},"14":{"start":{"line":38,"column":6},"end":{"line":42,"column":61}},"15":{"start":{"line":44,"column":6},"end":{"line":46,"column":47}},"16":{"start":{"line":45,"column":22},"end":{"line":45,"column":54}},"17":{"start":{"line":48,"column":6},"end":{"line":48,"column":53}},"18":{"start":{"line":52,"column":25},"end":{"line":52,"column":94}},"19":{"start":{"line":52,"column":51},"end":{"line":52,"column":77}}},"fnMap":{"0":{"name":"(anonymous_0)","decl":{"start":{"line":10,"column":19},"end":{"line":10,"column":20}},"loc":{"start":{"line":10,"column":30},"end":{"line":13,"column":1}},"line":10},"1":{"name":"(anonymous_1)","decl":{"start":{"line":15,"column":18},"end":{"line":15,"column":19}},"loc":{"start":{"line":15,"column":40},"end":{"line":27,"column":1}},"line":15},"2":{"name":"(anonymous_2)","decl":{"start":{"line":21,"column":4},"end":{"line":21,"column":5}},"loc":{"start":{"line":21,"column":13},"end":{"line":24,"column":7}},"line":21},"3":{"name":"(anonymous_3)","decl":{"start":{"line":29,"column":25},"end":{"line":29,"column":26}},"loc":{"start":{"line":29,"column":47},"end":{"line":50,"column":1}},"line":29},"4":{"name":"(anonymous_4)","decl":{"start":{"line":45,"column":13},"end":{"line":45,"column":14}},"loc":{"start":{"line":45,"column":22},"end":{"line":45,"column":54}},"line":45},"5":{"name":"(anonymous_5)","decl":{"start":{"line":52,"column":15},"end":{"line":52,"column":16}},"loc":{"start":{"line":52,"column":25},"end":{"line":52,"column":94}},"line":52},"6":{"name":"(anonymous_6)","decl":{"start":{"line":52,"column":40},"end":{"line":52,"column":41}},"loc":{"start":{"line":52,"column":51},"end":{"line":52,"column":77}},"line":52}},"branchMap":{"0":{"loc":{"start":{"line":15,"column":26},"end":{"line":15,"column":35}},"type":"default-arg","locations":[{"start":{"line":15,"column":34},"end":{"line":15,"column":35}}],"line":15},"1":{"loc":{"start":{"line":16,"column":2},"end":{"line":18,"column":3}},"type":"if","locations":[{"start":{"line":16,"column":2},"end":{"line":18,"column":3}},{"start":{},"end":{}}],"line":16},"2":{"loc":{"start":{"line":29,"column":33},"end":{"line":29,"column":42}},"type":"default-arg","locations":[{"start":{"line":29,"column":41},"end":{"line":29,"column":42}}],"line":29},"3":{"loc":{"start":{"line":30,"column":2},"end":{"line":49,"column":3}},"type":"switch","locations":[{"start":{"line":31,"column":4},"end":{"line":31,"column":17}},{"start":{"line":32,"column":4},"end":{"line":32,"column":19}},{"start":{"line":33,"column":4},"end":{"line":36,"column":43}},{"start":{"line":37,"column":4},"end":{"line":42,"column":61}},{"start":{"line":43,"column":4},"end":{"line":46,"column":47}},{"start":{"line":47,"column":4},"end":{"line":48,"column":53}}],"line":30}},"s":{"0":1,"1":1,"2":0,"3":0,"4":1,"5":0,"6":0,"7":0,"8":0,"9":0,"10":0,"11":1,"12":0,"13":0,"14":0,"15":0,"16":0,"17":0,"18":0,"19":0},"f":{"0":0,"1":0,"2":0,"3":0,"4":0,"5":0,"6":0},"b":{"0":[0],"1":[0,0],"2":[0],"3":[0,0,0,0,0,0]},"_coverageSchema":"1a1c01bbd47fc00a2c39e90264f33305004495a9","hash":"4ad79fe8010e4271430748b5aca211ed0142406f"}
}
